<?xml version="1.0" encoding="UTF-8"?>
<!-- Generated by org.testng.reporters.JUnitXMLReporter -->
<testsuite ignored="0" hostname="Mugunth-DESKTOP-8V8CNVQ" failures="0" tests="10" name="Smoke Test cases" time="40.922" errors="0" timestamp="2021-11-11T18:09:34 IST">
  <testcase classname="com.eagle.TestCases.SetTest" name="@BeforeClass beforeClass" time="0.378">
    <failure type="org.openqa.selenium.InvalidArgumentException" message="invalid argument
from invalid argument: &amp;apos;element&amp;apos; is missing
  (Session info: chrome=95.0.4638.69)
Build info: version: &amp;apos;3.4.0&amp;apos;, revision: &amp;apos;unknown&amp;apos;, time: &amp;apos;unknown&amp;apos;
System info: host: &amp;apos;MUGUNTH-DESKTOP&amp;apos;, ip: &amp;apos;192.168.1.4&amp;apos;, os.name: &amp;apos;Windows 10&amp;apos;, os.arch: &amp;apos;amd64&amp;apos;, os.version: &amp;apos;10.0&amp;apos;, java.version: &amp;apos;15.0.2&amp;apos;
Driver info: org.openqa.selenium.chrome.ChromeDriver
Capabilities [{networkConnectionEnabled=false, chrome={chromedriverVersion=95.0.4638.69 (6a1600ed572fedecd573b6c2b90a22fe6392a410-refs/branch-heads/4638@{#984}), userDataDir=C:\Users\MUGUNT~1\AppData\Local\Temp\scoped_dir41216_742814784}, timeouts={implicit=0.0, pageLoad=300000.0, script=30000.0}, pageLoadStrategy=normal, unhandledPromptBehavior=dismiss and notify, strictFileInteractability=false, platform=ANY, proxy=Proxy(), goog:chromeOptions={debuggerAddress=localhost:51725}, webauthn:extension:credBlob=true, acceptInsecureCerts=false, browserVersion=95.0.4638.69, browserName=chrome, javascriptEnabled=true, platformName=windows, setWindowRect=true, webauthn:extension:largeBlob=true, webauthn:virtualAuthenticators=true}]
Session ID: f3f08c3767ccb78d226036a2d6f4c9bc">
      <![CDATA[org.openqa.selenium.InvalidArgumentException: invalid argument
from invalid argument: 'element' is missing
  (Session info: chrome=95.0.4638.69)
Build info: version: '3.4.0', revision: 'unknown', time: 'unknown'
System info: host: 'MUGUNTH-DESKTOP', ip: '192.168.1.4', os.name: 'Windows 10', os.arch: 'amd64', os.version: '10.0', java.version: '15.0.2'
Driver info: org.openqa.selenium.chrome.ChromeDriver
Capabilities [{networkConnectionEnabled=false, chrome={chromedriverVersion=95.0.4638.69 (6a1600ed572fedecd573b6c2b90a22fe6392a410-refs/branch-heads/4638@{#984}), userDataDir=C:\Users\MUGUNT~1\AppData\Local\Temp\scoped_dir41216_742814784}, timeouts={implicit=0.0, pageLoad=300000.0, script=30000.0}, pageLoadStrategy=normal, unhandledPromptBehavior=dismiss and notify, strictFileInteractability=false, platform=ANY, proxy=Proxy(), goog:chromeOptions={debuggerAddress=localhost:51725}, webauthn:extension:credBlob=true, acceptInsecureCerts=false, browserVersion=95.0.4638.69, browserName=chrome, javascriptEnabled=true, platformName=windows, setWindowRect=true, webauthn:extension:largeBlob=true, webauthn:virtualAuthenticators=true}]
Session ID: f3f08c3767ccb78d226036a2d6f4c9bc
at org.openqa.selenium.remote.http.W3CHttpResponseCodec.createException(W3CHttpResponseCodec.java:150)
at org.openqa.selenium.remote.http.W3CHttpResponseCodec.decode(W3CHttpResponseCodec.java:115)
at org.openqa.selenium.remote.http.W3CHttpResponseCodec.decode(W3CHttpResponseCodec.java:45)
at org.openqa.selenium.remote.HttpCommandExecutor.execute(HttpCommandExecutor.java:164)
at org.openqa.selenium.remote.service.DriverCommandExecutor.execute(DriverCommandExecutor.java:82)
at org.openqa.selenium.remote.RemoteWebDriver.execute(RemoteWebDriver.java:637)
at org.openqa.selenium.remote.RemoteWebDriver.perform(RemoteWebDriver.java:703)
at org.openqa.selenium.interactions.Actions$BuiltAction.perform(Actions.java:631)
at org.openqa.selenium.interactions.Actions.perform(Actions.java:593)
at com.eagle.pages.SetPage.<init>(SetPage.java:230)
at com.eagle.TestCases.SetTest.beforeClass(SetTest.java:21)
at java.base/java.util.ArrayList.forEach(ArrayList.java:1511)
... Removed 30 stack frames]]>
    </failure>
  </testcase> <!-- @BeforeClass beforeClass -->
  <testcase classname="com.eagle.TestCases.LoginTest" name="VerifyLoginPage_Test" time="29.331"/>
  <testcase classname="com.eagle.TestCases.InvestigationTest" name="CreateInvestigation_Test" time="0.448"/>
  <testcase classname="com.eagle.TestCases.InvestigationTest" name="ViewInvestigation_Test" time="0.557"/>
  <testcase classname="com.eagle.TestCases.InvestigationTest" name="EditInvestigation_Test" time="0.567"/>
  <testcase classname="com.eagle.TestCases.InvestigationTest" name="LinkSetWithInvestigation_Test" time="0.263"/>
  <testcase classname="com.eagle.TestCases.InvestigationTest" name="LinkExplorationWithInvestigation_Test" time="0.001"/>
  <testcase classname="com.eagle.TestCases.InvestigationTest" name="LinkComparisonWithInvestigation_Test" time="0.001"/>
  <testcase classname="com.eagle.TestCases.InvestigationTest" name="ShareInvestigation_Test" time="0.505"/>
  <testcase classname="com.eagle.TestCases.InvestigationTest" name="DeleteInvestigation_Test" time="0.462"/>
  <testcase classname="com.eagle.TestCases.SetTest" name="RemoveItemsfromSet_Test" time="0.0">
    <skipped/>
  </testcase> <!-- RemoveItemsfromSet_Test -->
</testsuite> <!-- Smoke Test cases -->
